#
# An unexpected error has been detected by Java Runtime Environment:
#
#  EXCEPTION_ACCESS_VIOLATION (0xc0000005) at pc=0x00007ffedf829d62, pid=7776, tid=12240
#
# Java VM: Java HotSpot(TM) 64-Bit Server VM (11.3-b02 mixed mode windows-amd64)
# Problematic frame:
# C  [ntdll.dll+0xa9d62]
#
# If you would like to submit a bug report, please visit:
#   http://java.sun.com/webapps/bugreport/crash.jsp
#

---------------  T H R E A D  ---------------

Current thread (0x00000000007de400):  JavaThread "main" [_thread_in_Java, id=12240, stack(0x0000000002240000,0x0000000002340000)]

siginfo: ExceptionCode=0xc0000005, reading address 0xffffffffffffffff

Registers:
EAX=0x0000000002330001, EBX=0x0000000000000000, ECX=0x000000000233ec88, EDX=0x000000000233eba0
ESP=0x000000000233eb28, EBP=0x00007ffec06b2300, ESI=0x0000000000000023, EDI=0x0000000000000003
EIP=0x00007ffedf829d62, EFLAGS=0x0000000000010202

Top of Stack: (sp=0x000000000233eb28)
0x000000000233eb28:   0000000000000202 00007ffedf7c731e
0x000000000233eb38:   0000000000000000 0000000000000005
0x000000000233eb48:   00007ffede9f0000 000000000723c8c0
0x000000000233eb58:   000000008012d5a8 000000000000000a
0x000000000233eb68:   0000000000000510 0000000000000005
0x000000000233eb78:   00007ffede9f9e50 0000000000000510
0x000000000233eb88:   0000000000000005 0000000002330000
0x000000000233eb98:   0000000000000000 0000000002340000
0x000000000233eba8:   000000006dba8846 00000003073a7f80
0x000000000233ebb8:   0000000000000005 0000000080129e68
0x000000000233ebc8:   0000000000000050 0000000080129e68
0x000000000233ebd8:   000000006d995556 0000000080000047
0x000000000233ebe8:   00000000da049900 00000000073a7f80
0x000000000233ebf8:   0000000000000023 0000000000000000
0x000000000233ec08:   000000000233edf0 000000000233ee20
0x000000000233ec18:   000000000233ee60 00007ffec06b2300 

Instructions: (pc=0x00007ffedf829d62)
0x00007ffedf829d52:   d9 b9 00 01 00 00 c7 81 02 01 00 00 00 00 00 00
0x00007ffedf829d62:   0f 29 b1 00 02 00 00 0f 29 b9 10 02 00 00 44 0f 


Stack: [0x0000000002240000,0x0000000002340000],  sp=0x000000000233eb28,  free space=1018k
Native frames: (J=compiled Java code, j=interpreted, Vv=VM code, C=native code)
C  [ntdll.dll+0xa9d62]

Java frames: (J=compiled Java code, j=interpreted, Vv=VM code)
v  blob 0x0000000002554937
j  java.util.TreeMap.put(Ljava/lang/Object;Ljava/lang/Object;)Ljava/lang/Object;+134
j  java.util.TreeSet.add(Ljava/lang/Object;)Z+8
j  org.mybatis.generator.api.dom.java.TopLevelClass.addImportedType(Lorg/mybatis/generator/api/dom/java/FullyQualifiedJavaType;)V+33
j  org.mybatis.generator.codegen.mybatis3.model.ExampleGenerator.getGeneratedCriteriaInnerClass(Lorg/mybatis/generator/api/dom/java/TopLevelClass;)Lorg/mybatis/generator/api/dom/java/InnerClass;+570
j  org.mybatis.generator.codegen.mybatis3.model.ExampleGenerator.getCompilationUnits()Ljava/util/List;+962
j  org.mybatis.generator.codegen.mybatis3.IntrospectedTableMyBatis3Impl.getGeneratedJavaFiles()Ljava/util/List;+38
j  org.mybatis.generator.config.Context.generateFiles(Lorg/mybatis/generator/api/ProgressCallback;Ljava/util/List;Ljava/util/List;Ljava/util/List;)V+163
j  org.mybatis.generator.api.MyBatisGenerator.generate(Lorg/mybatis/generator/api/ProgressCallback;Ljava/util/Set;Ljava/util/Set;)V+360
j  org.mybatis.generator.api.MyBatisGenerator.generate(Lorg/mybatis/generator/api/ProgressCallback;)V+4
j  GeneratorSqlmap.generator()V+65
j  GeneratorSqlmap.main([Ljava/lang/String;)V+9
v  ~StubRoutines::call_stub

---------------  P R O C E S S  ---------------

Java Threads: ( => current thread )
  0x0000000007035400 JavaThread "Abandoned connection cleanup thread" daemon [_thread_blocked, id=6564, stack(0x0000000007720000,0x0000000007820000)]
  0x000000000614b000 JavaThread "Low Memory Detector" daemon [_thread_blocked, id=2544, stack(0x0000000006920000,0x0000000006a20000)]
  0x0000000006149000 JavaThread "CompilerThread1" daemon [_thread_blocked, id=11396, stack(0x0000000006820000,0x0000000006920000)]
  0x0000000006141000 JavaThread "CompilerThread0" daemon [_thread_blocked, id=10192, stack(0x0000000006720000,0x0000000006820000)]
  0x0000000006132400 JavaThread "Attach Listener" daemon [_thread_blocked, id=12004, stack(0x0000000006620000,0x0000000006720000)]
  0x0000000006131c00 JavaThread "Signal Dispatcher" daemon [_thread_blocked, id=11388, stack(0x0000000006520000,0x0000000006620000)]
  0x00000000060c5400 JavaThread "Finalizer" daemon [_thread_blocked, id=884, stack(0x0000000006420000,0x0000000006520000)]
  0x00000000060c4c00 JavaThread "Reference Handler" daemon [_thread_blocked, id=6548, stack(0x0000000006320000,0x0000000006420000)]
=>0x00000000007de400 JavaThread "main" [_thread_in_Java, id=12240, stack(0x0000000002240000,0x0000000002340000)]

Other Threads:
  0x0000000002501800 VMThread [stack: 0x0000000006220000,0x0000000006320000] [id=4056]
  0x0000000006155c00 WatcherThread [stack: 0x0000000006a20000,0x0000000006b20000] [id=7872]

VM state:not at safepoint (normal execution)

VM Mutex/Monitor currently owned by a thread: None

Heap
 PSYoungGen      total 37696K, used 10041K [0x00000000d96a0000, 0x00000000dc0b0000, 0x00000001037f0000)
  eden space 32320K, 31% used [0x00000000d96a0000,0x00000000da06e4c8,0x00000000db630000)
  from space 5376K, 0% used [0x00000000dbb70000,0x00000000dbb70000,0x00000000dc0b0000)
  to   space 5376K, 0% used [0x00000000db630000,0x00000000db630000,0x00000000dbb70000)
 PSOldGen        total 86208K, used 0K [0x00000000853f0000, 0x000000008a820000, 0x00000000d96a0000)
  object space 86208K, 0% used [0x00000000853f0000,0x00000000853f0000,0x000000008a820000)
 PSPermGen       total 21248K, used 10277K [0x000000007fff0000, 0x00000000814b0000, 0x00000000853f0000)
  object space 21248K, 48% used [0x000000007fff0000,0x00000000809f9648,0x00000000814b0000)

Dynamic libraries:
0x0000000000400000 - 0x000000000042e000 	F:\Users\chuang\MyEclipse\Common\binary\com.sun.java.jdk.win32.x86_64_1.6.0.013\bin\javaw.exe
0x00007ffedf780000 - 0x00007ffedf951000 	C:\Windows\SYSTEM32\ntdll.dll
0x00007ffedeb30000 - 0x00007ffedebdb000 	C:\Windows\System32\KERNEL32.DLL
0x00007ffedbb70000 - 0x00007ffedbd8d000 	C:\Windows\System32\KERNELBASE.dll
0x00007ffed99e0000 - 0x00007ffed9a5a000 	C:\Windows\system32\apphelp.dll
0x00007ffec0560000 - 0x00007ffec09e2000 	C:\Windows\AppPatch\AppPatch64\AcLayers.DLL
0x00007ffede9e0000 - 0x00007ffedea7e000 	C:\Windows\System32\msvcrt.dll
0x00007ffedf510000 - 0x00007ffedf675000 	C:\Windows\System32\USER32.dll
0x00007ffedc2e0000 - 0x00007ffedc2fe000 	C:\Windows\System32\win32u.dll
0x00007ffede4e0000 - 0x00007ffede514000 	C:\Windows\System32\GDI32.dll
0x00007ffedbe10000 - 0x00007ffedbf92000 	C:\Windows\System32\gdi32full.dll
0x00007ffede350000 - 0x00007ffede3a2000 	C:\Windows\System32\SHLWAPI.dll
0x00007ffedcb50000 - 0x00007ffedce18000 	C:\Windows\System32\combase.dll
0x00007ffedc370000 - 0x00007ffedc465000 	C:\Windows\System32\ucrtbase.dll
0x00007ffede3b0000 - 0x00007ffede4d1000 	C:\Windows\System32\RPCRT4.dll
0x00007ffedc050000 - 0x00007ffedc0ba000 	C:\Windows\System32\bcryptPrimitives.dll
0x0000000180000000 - 0x0000000180003000 	C:\Windows\SYSTEM32\sfc.dll
0x00007ffece950000 - 0x00007ffece9d5000 	C:\Windows\SYSTEM32\WINSPOOL.DRV
0x00007ffedb560000 - 0x00007ffedb58b000 	C:\Windows\SYSTEM32\bcrypt.dll
0x00007ffec4fc0000 - 0x00007ffec4fd1000 	C:\Windows\SYSTEM32\sfc_os.DLL
0x00007ffed1410000 - 0x00007ffed1421000 	C:\Windows\SYSTEM32\SortWindows61.dll
0x00007ffedf6f0000 - 0x00007ffedf71e000 	C:\Windows\System32\IMM32.DLL
0x00007ffedf290000 - 0x00007ffedf332000 	C:\Windows\System32\ADVAPI32.dll
0x00007ffedf230000 - 0x00007ffedf289000 	C:\Windows\System32\sechost.dll
0x000000006d890000 - 0x000000006de48000 	F:\Users\chuang\MyEclipse\Common\binary\com.sun.java.jdk.win32.x86_64_1.6.0.013\jre\bin\server\jvm.dll
0x00007ffedbd90000 - 0x00007ffedbdb3000 	C:\Windows\System32\WINMM.dll
0x00007ffedb9b0000 - 0x00007ffedb9db000 	C:\Windows\System32\WINMMBASE.dll
0x00007ffedbdc0000 - 0x00007ffedbe02000 	C:\Windows\System32\cfgmgr32.dll
0x000000006d3b0000 - 0x000000006d3ba000 	F:\Users\chuang\MyEclipse\Common\binary\com.sun.java.jdk.win32.x86_64_1.6.0.013\jre\bin\hpi.dll
0x00007ffede930000 - 0x00007ffede938000 	C:\Windows\System32\PSAPI.DLL
0x000000006d800000 - 0x000000006d80e000 	F:\Users\chuang\MyEclipse\Common\binary\com.sun.java.jdk.win32.x86_64_1.6.0.013\jre\bin\verify.dll
0x000000006d450000 - 0x000000006d477000 	F:\Users\chuang\MyEclipse\Common\binary\com.sun.java.jdk.win32.x86_64_1.6.0.013\jre\bin\java.dll
0x000000006d850000 - 0x000000006d862000 	F:\Users\chuang\MyEclipse\Common\binary\com.sun.java.jdk.win32.x86_64_1.6.0.013\jre\bin\zip.dll
0x000000006d6a0000 - 0x000000006d6b7000 	F:\Users\chuang\MyEclipse\Common\binary\com.sun.java.jdk.win32.x86_64_1.6.0.013\jre\bin\net.dll
0x00007ffedf340000 - 0x00007ffedf3aa000 	C:\Windows\System32\WS2_32.dll
0x00007ffedb2b0000 - 0x00007ffedb30c000 	C:\Windows\system32\mswsock.dll

VM Arguments:
jvm_args: -Dfile.encoding=UTF-8 
java_command: GeneratorSqlmap
Launcher Type: SUN_STANDARD

Environment Variables:
JAVA_HOME=C:\Program Files\Java\jdk1.7.0_51
PATH=C:\Windows\system32;C:\Windows;C:\Windows\System32\Wbem;C:\Windows\System32\WindowsPowerShell\v1.0\;C:\Program Files (x86)\NVIDIA Corporation\PhysX\Common;C:\Program Files\Java\jdk1.7.0_51\bin;F:\programfile\apache-maven-3.0.5\bin;E:\Program Files (x86)\Git\bin;E:\Program Files (x86)\Git\libexec\git-core;E:\Program Files (x86)\Git\cmd;C:\Users\chuang\AppData\Local\Microsoft\WindowsApps;
USERNAME=chuang
OS=Windows_NT
PROCESSOR_IDENTIFIER=Intel64 Family 6 Model 60 Stepping 3, GenuineIntel



---------------  S Y S T E M  ---------------

OS: Windows NT 6.1 Build 7600 

CPU:total 4 (8 cores per cpu, 2 threads per core) family 6 model 12 stepping 3, cmov, cx8, fxsr, mmx, sse, sse2, sse3, ssse3, ht

Memory: 4k page, physical 8272936k(5315600k free), swap 8797224k(5457852k free)

vm_info: Java HotSpot(TM) 64-Bit Server VM (11.3-b02) for windows-amd64 JRE (1.6.0_13-b03), built on Mar  9 2009 10:50:19 by "java_re" with MS VC++ 8.0

time: Mon Jul 31 10:01:15 2017
elapsed time: 2 seconds

